<?xml version="1.0" encoding="UTF-8"?>
<!-- Generated by org.testng.reporters.JUnitReportReporter -->
<testsuite skipped="0" hostname="castrino" name="Sample110" tests="3" failures="0" timestamp="09 Aug 2021 12:20:39 GMT" time="20.180" errors="0">
  <testcase name="loginfb" time="5.852" classname="Sample110"/>
  <testcase name="loginfb" time="7.685" classname="Sample110"/>
  <testcase name="loginfb" time="6.643" classname="Sample110"/>
</testsuite> <!-- Sample110 -->
