<?xml version="1.0" encoding="UTF-8"?>
<!-- Generated by org.testng.reporters.JUnitReportReporter -->
<testsuite skipped="0" hostname="castrino" name="Sample88" tests="4" failures="0" timestamp="09 Aug 2021 12:51:05 GMT" time="71.066" errors="0">
  <testcase name="tc" time="20.395" classname="Sample88"/>
  <testcase name="tc" time="18.810" classname="Sample88"/>
  <testcase name="tc" time="19.938" classname="Sample88"/>
  <testcase name="tc" time="11.923" classname="Sample88"/>
</testsuite> <!-- Sample88 -->
